c:\users\gcrth\source\repos\soduku\soduku\debug\vc141.pdb
c:\users\gcrth\source\repos\soduku\soduku\debug\vc141.idb
c:\users\gcrth\source\repos\soduku\soduku\debug\generate.obj
c:\users\gcrth\source\repos\soduku\soduku\debug\solve.obj
c:\users\gcrth\source\repos\soduku\soduku\debug\soduku.pch
c:\users\gcrth\source\repos\soduku\soduku\debug\soduku.pchast
c:\users\gcrth\source\repos\soduku\soduku\debug\pch.nativecodeanalysis.xml
c:\users\gcrth\source\repos\soduku\soduku\debug\pch.obj
c:\users\gcrth\source\repos\soduku\soduku\debug\solve.nativecodeanalysis.xml
c:\users\gcrth\source\repos\soduku\soduku\debug\soduku.nativecodeanalysis.xml
c:\users\gcrth\source\repos\soduku\soduku\debug\io.nativecodeanalysis.xml
c:\users\gcrth\source\repos\soduku\soduku\debug\generate.nativecodeanalysis.xml
c:\users\gcrth\source\repos\soduku\soduku\debug\io.obj
c:\users\gcrth\source\repos\soduku\soduku\debug\soduku.obj
c:\users\gcrth\source\repos\soduku\debug\soduku.exe
c:\users\gcrth\source\repos\soduku\debug\soduku.ilk
c:\users\gcrth\source\repos\soduku\debug\soduku.pdb
c:\users\gcrth\source\repos\soduku\soduku\debug\nativecodeanalysis.read.1.tlog
c:\users\gcrth\source\repos\soduku\soduku\debug\vc.nativecodeanalysis.all.xml
c:\users\gcrth\source\repos\soduku\debug\soduku.exe.lastcodeanalysissucceeded
c:\users\gcrth\source\repos\soduku\soduku\debug\soduku.tlog\cl.command.1.tlog
c:\users\gcrth\source\repos\soduku\soduku\debug\soduku.tlog\cl.read.1.tlog
c:\users\gcrth\source\repos\soduku\soduku\debug\soduku.tlog\cl.write.1.tlog
c:\users\gcrth\source\repos\soduku\soduku\debug\soduku.tlog\link.command.1.tlog
c:\users\gcrth\source\repos\soduku\soduku\debug\soduku.tlog\link.read.1.tlog
c:\users\gcrth\source\repos\soduku\soduku\debug\soduku.tlog\link.write.1.tlog
